<?xml version="1.0" encoding="UTF-8"?>
<!-- Generated by org.testng.reporters.JUnitReportReporter -->
<testsuite hostname="DESKTOP-8GFOO9F" name="Auto.AppTest" tests="1" failures="0" timestamp="22 Sep 2017 01:08:44 GMT" time="0.000" errors="0">
  <testcase name="testApp" time="0.000" classname="Auto.AppTest"/>
</testsuite> <!-- Auto.AppTest -->
