<?xml version="1.0" encoding="UTF-8"?>
<!-- Generated by org.testng.reporters.JUnitReportReporter -->
<testsuite hostname="DESKTOP-8GFOO9F" name="com.junit.scholar3.TestingTestNG" tests="3" failures="0" timestamp="22 Sep 2017 01:08:44 GMT" time="0.002" errors="0">
  <testcase name="RankTestResearch" time="0.000" classname="com.junit.scholar3.TestingTestNG"/>
  <testcase name="RankTestResearch1" time="0.001" classname="com.junit.scholar3.TestingTestNG"/>
  <testcase name="RankTestResearch3" time="0.001" classname="com.junit.scholar3.TestingTestNG"/>
</testsuite> <!-- com.junit.scholar3.TestingTestNG -->
