<?xml version="1.0" encoding="UTF-8"?>
<!-- Generated by org.testng.reporters.JUnitReportReporter -->
<testsuite hostname="DESKTOP-8GFOO9F" name="com.junit.scholar3.ParametersTest" tests="2" failures="0" timestamp="22 Sep 2017 01:08:44 GMT" time="0.002" errors="0">
  <testcase name="UserId" time="0.002" classname="com.junit.scholar3.ParametersTest"/>
  <testcase name="UserId" time="0.000" classname="com.junit.scholar3.ParametersTest"/>
</testsuite> <!-- com.junit.scholar3.ParametersTest -->
