<?xml version="1.0" encoding="UTF-8"?>
<!-- Generated by org.testng.reporters.JUnitReportReporter -->
<testsuite hostname="DESKTOP-8GFOO9F" name="com.junit.scholar3.TestingAnotherTestNG" tests="2" failures="0" timestamp="22 Sep 2017 01:08:44 GMT" time="0.001" errors="0">
  <testcase name="testgroup2" time="0.001" classname="com.junit.scholar3.TestingAnotherTestNG"/>
  <testcase name="testgroup1" time="0.000" classname="com.junit.scholar3.TestingAnotherTestNG"/>
</testsuite> <!-- com.junit.scholar3.TestingAnotherTestNG -->
